TN:
SF:src\extension.ts
FN:15,activate
FN:29,(anonymous_10)
FN:35,(anonymous_11)
FN:54,(anonymous_12)
FN:59,(anonymous_13)
FN:67,(anonymous_14)
FN:73,(anonymous_15)
FN:79,(anonymous_16)
FN:87,(anonymous_17)
FN:98,(anonymous_18)
FN:99,(anonymous_19)
FN:103,(anonymous_20)
FN:109,(anonymous_21)
FN:119,(anonymous_22)
FN:131,(anonymous_23)
FN:135,(anonymous_24)
FN:149,updateStatusBar
FN:165,setupScheduler
FN:177,(anonymous_27)
FN:185,(anonymous_28)
FN:194,(anonymous_29)
FN:203,(anonymous_30)
FN:208,deactivate
FNF:23
FNH:5
FNDA:27,activate
FNDA:0,(anonymous_10)
FNDA:0,(anonymous_11)
FNDA:0,(anonymous_12)
FNDA:1,(anonymous_13)
FNDA:0,(anonymous_14)
FNDA:0,(anonymous_15)
FNDA:0,(anonymous_16)
FNDA:0,(anonymous_17)
FNDA:0,(anonymous_18)
FNDA:0,(anonymous_19)
FNDA:0,(anonymous_20)
FNDA:0,(anonymous_21)
FNDA:0,(anonymous_22)
FNDA:0,(anonymous_23)
FNDA:0,(anonymous_24)
FNDA:28,updateStatusBar
FNDA:27,setupScheduler
FNDA:0,(anonymous_27)
FNDA:0,(anonymous_28)
FNDA:0,(anonymous_29)
FNDA:0,(anonymous_30)
FNDA:1,deactivate
DA:1,1
DA:2,1
DA:3,1
DA:4,1
DA:5,1
DA:6,1
DA:7,1
DA:8,1
DA:9,1
DA:10,1
DA:11,1
DA:12,1
DA:13,1
DA:15,1
DA:16,27
DA:19,27
DA:20,27
DA:21,27
DA:22,27
DA:23,27
DA:24,27
DA:29,27
DA:30,0
DA:31,0
DA:32,0
DA:33,0
DA:35,0
DA:36,0
DA:37,0
DA:42,0
DA:43,0
DA:44,0
DA:45,0
DA:46,0
DA:48,0
DA:54,27
DA:55,0
DA:59,27
DA:60,1
DA:61,1
DA:62,1
DA:63,1
DA:67,27
DA:68,0
DA:73,0
DA:74,0
DA:79,27
DA:80,0
DA:81,0
DA:82,0
DA:83,0
DA:84,0
DA:85,0
DA:87,0
DA:88,0
DA:89,0
DA:90,0
DA:92,0
DA:98,27
DA:99,27
DA:100,0
DA:101,0
DA:103,27
DA:104,0
DA:105,0
DA:109,27
DA:110,0
DA:111,0
DA:112,0
DA:113,0
DA:114,0
DA:115,0
DA:116,0
DA:119,27
DA:120,0
DA:121,0
DA:122,0
DA:123,0
DA:124,0
DA:125,0
DA:126,0
DA:127,0
DA:128,0
DA:131,27
DA:132,0
DA:133,0
DA:135,27
DA:138,27
DA:145,27
DA:146,27
DA:147,27
DA:150,28
DA:151,28
DA:152,28
DA:153,28
DA:155,27
DA:156,27
DA:159,27
DA:160,27
DA:161,26
DA:166,27
DA:167,27
DA:168,27
DA:169,27
DA:171,27
DA:172,27
DA:173,27
DA:174,27
DA:175,27
DA:177,27
DA:178,0
DA:179,0
DA:180,0
DA:183,27
DA:184,27
DA:185,27
DA:186,0
DA:187,0
DA:191,27
DA:192,27
DA:193,27
DA:194,0
DA:195,0
DA:196,0
DA:202,27
DA:203,27
DA:204,0
DA:208,1
LF:128
LH:69
BRDA:33,0,0,0
BRDA:63,1,0,1
BRDA:63,1,1,0
BRDA:81,2,0,0
BRDA:83,3,0,0
BRDA:101,4,0,0
BRDA:105,5,0,0
BRDA:114,6,0,0
BRDA:114,7,0,0
BRDA:114,7,1,0
BRDA:114,7,2,0
BRDA:124,8,0,0
BRDA:124,8,1,0
BRDA:126,9,0,0
BRDA:126,10,0,0
BRDA:126,10,1,0
BRDA:126,10,2,0
BRDA:126,10,3,0
BRDA:126,10,4,0
BRDA:151,11,0,1
BRDA:151,11,1,27
BRDA:152,12,0,1
BRDA:152,12,1,27
BRDA:153,13,0,1
BRDA:153,13,1,27
BRDA:160,14,0,26
BRDA:166,15,0,0
BRDA:169,16,0,0
BRDA:169,17,0,27
BRDA:169,17,1,27
BRDA:174,18,0,0
BRDA:179,19,0,0
BRDA:184,20,0,27
BRDA:187,21,0,0
BRDA:193,22,0,0
BRDA:193,23,0,27
BRDA:193,23,1,27
BRDA:195,24,0,0
BRDA:195,25,0,0
BRDA:195,25,1,0
BRDA:204,26,0,0
BRF:41
BRH:13
end_of_record
TN:
SF:src\services\DigestService.ts
FN:8,(anonymous_0)
FN:19,(anonymous_1)
FNF:2
FNH:2
FNDA:15,(anonymous_0)
FNDA:38,(anonymous_1)
DA:4,2
DA:14,15
DA:15,3
DA:19,12
DA:20,38
DA:21,38
DA:24,12
DA:35,12
DA:38,12
DA:40,1
DA:41,1
LF:11
LH:11
BRDA:14,0,0,3
BRF:1
BRH:1
end_of_record
TN:
SF:src\services\ExporterService.ts
FN:6,(anonymous_9)
FN:19,(anonymous_10)
FN:23,(anonymous_11)
FN:74,(anonymous_12)
FN:82,(anonymous_13)
FN:96,(anonymous_14)
FN:108,(anonymous_15)
FN:137,(anonymous_16)
FNF:8
FNH:8
FNDA:4,(anonymous_9)
FNDA:6,(anonymous_10)
FNDA:14,(anonymous_11)
FNDA:8,(anonymous_12)
FNDA:3,(anonymous_13)
FNDA:4,(anonymous_14)
FNDA:8,(anonymous_15)
FNDA:9,(anonymous_16)
DA:1,2
DA:6,2
DA:7,4
DA:19,2
DA:20,6
DA:21,6
DA:23,6
DA:24,14
DA:25,14
DA:28,11
DA:29,1
DA:36,10
DA:37,1
DA:46,9
DA:47,4
DA:57,5
DA:67,6
DA:70,2
DA:76,8
DA:79,8
DA:82,8
DA:83,3
DA:84,3
DA:88,8
DA:90,8
DA:97,4
DA:98,4
DA:99,4
DA:100,4
DA:102,4
DA:109,8
DA:110,2
DA:113,6
DA:114,6
DA:116,6
DA:126,6
DA:127,1
DA:128,1
DA:131,5
DA:138,9
DA:140,9
DA:141,4
DA:144,5
DA:145,5
DA:147,5
DA:156,5
DA:157,1
DA:158,1
DA:161,4
LF:49
LH:49
BRDA:25,0,0,3
BRDA:28,1,0,1
BRDA:28,1,1,10
BRDA:36,2,0,1
BRDA:36,2,1,9
BRDA:46,3,0,4
BRDA:46,3,1,5
BRDA:46,4,0,9
BRDA:46,4,1,6
BRDA:109,5,0,2
BRDA:109,6,0,8
BRDA:109,6,1,7
BRDA:126,7,0,1
BRDA:140,8,0,4
BRDA:140,9,0,9
BRDA:140,9,1,8
BRDA:140,9,2,7
BRDA:140,9,3,6
BRDA:156,10,0,1
BRF:19
BRH:19
end_of_record
TN:
SF:src\services\HistoryService.ts
FN:22,(anonymous_0)
FN:27,(anonymous_1)
FN:34,(anonymous_2)
FN:54,(anonymous_3)
FN:62,(anonymous_4)
FN:66,(anonymous_5)
FN:81,(anonymous_6)
FN:89,(anonymous_7)
FN:96,(anonymous_8)
FN:103,(anonymous_9)
FN:109,(anonymous_10)
FN:115,(anonymous_11)
FN:124,(anonymous_12)
FNF:13
FNH:13
FNDA:26,(anonymous_0)
FNDA:15,(anonymous_1)
FNDA:15,(anonymous_2)
FNDA:26,(anonymous_3)
FNDA:7,(anonymous_4)
FNDA:39,(anonymous_5)
FNDA:42,(anonymous_6)
FNDA:25,(anonymous_7)
FNDA:16,(anonymous_8)
FNDA:4,(anonymous_9)
FNDA:7,(anonymous_10)
FNDA:5,(anonymous_11)
FNDA:27,(anonymous_12)
DA:18,4
DA:19,4
DA:20,4
DA:22,26
DA:28,15
DA:35,15
DA:36,15
DA:37,15
DA:39,15
DA:47,15
DA:50,15
DA:51,15
DA:52,15
DA:54,26
DA:56,15
DA:63,7
DA:64,7
DA:66,39
DA:68,7
DA:70,4
DA:73,3
DA:77,7
DA:78,7
DA:79,7
DA:81,42
DA:83,7
DA:90,25
DA:97,16
DA:104,4
DA:105,4
DA:106,4
DA:107,4
DA:109,7
DA:116,5
DA:117,5
DA:118,5
DA:120,5
DA:121,35
DA:122,35
DA:123,35
DA:124,35
DA:125,35
DA:127,4
DA:130,5
LF:44
LH:44
BRDA:68,0,0,4
BRDA:68,0,1,3
BRDA:125,1,0,4
BRF:3
BRH:3
end_of_record
TN:
SF:src\services\MemoryManager.ts
FN:6,(anonymous_9)
FN:24,(anonymous_10)
FN:42,(anonymous_11)
FN:52,(anonymous_12)
FN:89,(anonymous_13)
FN:115,(anonymous_14)
FN:129,(anonymous_15)
FN:155,(anonymous_16)
FN:181,(anonymous_17)
FN:202,(anonymous_18)
FN:215,(anonymous_19)
FN:224,(anonymous_20)
FN:234,(anonymous_21)
FN:253,(anonymous_22)
FN:259,(anonymous_23)
FN:265,(anonymous_24)
FN:279,(anonymous_25)
FN:297,(anonymous_26)
FN:319,(anonymous_27)
FN:340,(anonymous_28)
FN:357,(anonymous_29)
FN:358,(anonymous_30)
FN:363,(anonymous_31)
FN:372,(anonymous_32)
FN:418,(anonymous_33)
FN:432,(anonymous_34)
FN:448,(anonymous_35)
FN:471,(anonymous_36)
FN:483,(anonymous_37)
FN:523,(anonymous_38)
FNF:30
FNH:30
FNDA:40,(anonymous_9)
FNDA:6,(anonymous_10)
FNDA:2,(anonymous_11)
FNDA:2,(anonymous_12)
FNDA:3,(anonymous_13)
FNDA:12,(anonymous_14)
FNDA:2,(anonymous_15)
FNDA:17,(anonymous_16)
FNDA:1361,(anonymous_17)
FNDA:13,(anonymous_18)
FNDA:1,(anonymous_19)
FNDA:47,(anonymous_20)
FNDA:905,(anonymous_21)
FNDA:11,(anonymous_22)
FNDA:302,(anonymous_23)
FNDA:294,(anonymous_24)
FNDA:4,(anonymous_25)
FNDA:4,(anonymous_26)
FNDA:2,(anonymous_27)
FNDA:3,(anonymous_28)
FNDA:5,(anonymous_29)
FNDA:5,(anonymous_30)
FNDA:2,(anonymous_31)
FNDA:6,(anonymous_32)
FNDA:64,(anonymous_33)
FNDA:2,(anonymous_34)
FNDA:3,(anonymous_35)
FNDA:46,(anonymous_36)
FNDA:3,(anonymous_37)
FNDA:46,(anonymous_38)
DA:1,1
DA:6,1
DA:7,40
DA:8,40
DA:9,40
DA:29,6
DA:30,6
DA:32,6
DA:33,6
DA:34,1
DA:37,5
DA:38,5
DA:39,5
DA:42,5
DA:43,2
DA:44,1
DA:45,1
DA:47,1
DA:51,5
DA:52,5
DA:53,2
DA:54,1
DA:55,1
DA:57,1
DA:62,5
DA:63,1
DA:64,1
DA:65,1
DA:70,5
DA:72,5
DA:73,5
DA:76,5
DA:77,5
DA:79,5
DA:95,3
DA:96,3
DA:98,3
DA:99,3
DA:100,1
DA:108,2
DA:109,2
DA:110,2
DA:113,2
DA:114,2
DA:115,2
DA:116,12
DA:117,11
DA:127,2
DA:128,2
DA:129,2
DA:130,2
DA:131,1
DA:142,2
DA:144,2
DA:163,17
DA:164,17
DA:168,17
DA:183,1361
DA:184,905
DA:187,1361
DA:188,1361
DA:190,1361
DA:196,1361
DA:203,13
DA:204,13
DA:205,12
DA:206,12
DA:207,12
DA:209,1
DA:216,1
DA:217,1
DA:218,1
DA:225,47
DA:226,47
DA:227,47
DA:228,47
DA:236,905
DA:238,905
DA:239,90500
DA:240,905
DA:241,905
DA:245,905
DA:246,905
DA:259,302
DA:264,11
DA:265,294
DA:268,11
DA:287,4
DA:288,4
DA:289,1
DA:292,3
DA:295,3
DA:296,2
DA:297,2
DA:298,4
DA:299,4
DA:304,3
DA:305,1
DA:309,3
DA:310,1
DA:313,3
DA:329,2
DA:330,2
DA:331,1
DA:334,1
DA:340,1
DA:341,3
DA:342,3
DA:343,2
DA:345,2
DA:346,2
DA:353,2
DA:354,2
DA:356,2
DA:357,5
DA:358,5
DA:363,2
DA:377,6
DA:378,6
DA:379,6
DA:382,6
DA:383,2
DA:384,2
DA:388,6
DA:389,2
DA:390,2
DA:394,6
DA:395,6
DA:396,6
DA:400,6
DA:401,6
DA:402,6
DA:403,6
DA:406,6
DA:408,6
DA:419,64
DA:421,64
DA:423,339
DA:426,64
DA:434,2
DA:436,2
DA:441,1
DA:449,3
DA:450,3
DA:452,3
DA:453,1
DA:456,2
DA:457,2
DA:458,2
DA:460,2
DA:461,1
DA:462,1
DA:465,1
DA:472,46
DA:490,3
DA:491,3
DA:492,3
DA:495,3
DA:497,3
DA:498,3
DA:501,3
DA:502,1
DA:505,3
DA:506,3
DA:509,3
DA:511,3
DA:524,46
DA:525,46
LF:168
LH:168
BRDA:33,0,0,1
BRDA:33,1,0,6
BRDA:33,1,1,5
BRDA:43,2,0,1
BRDA:43,3,0,2
BRDA:43,3,1,2
BRDA:51,4,0,5
BRDA:53,5,0,1
BRDA:53,6,0,2
BRDA:53,6,1,2
BRDA:62,7,0,1
BRDA:64,8,0,1
BRDA:99,9,0,1
BRDA:113,10,0,2
BRDA:116,11,0,11
BRDA:116,12,0,12
BRDA:116,12,1,12
BRDA:127,13,0,2
BRDA:130,14,0,1
BRDA:130,15,0,2
BRDA:130,15,1,2
BRDA:164,16,0,7
BRDA:164,16,1,10
BRDA:183,17,0,905
BRDA:183,18,0,1361
BRDA:183,18,1,905
BRDA:193,19,0,0
BRDA:193,19,1,1361
BRDA:204,20,0,12
BRDA:239,21,0,905
BRDA:245,22,0,905
BRDA:281,23,0,1
BRDA:288,24,0,1
BRDA:288,25,0,4
BRDA:288,25,1,3
BRDA:295,26,0,2
BRDA:299,27,0,4
BRDA:299,27,1,4
BRDA:304,28,0,1
BRDA:304,29,0,3
BRDA:304,29,1,1
BRDA:309,30,0,1
BRDA:309,31,0,3
BRDA:309,31,1,1
BRDA:330,32,0,1
BRDA:330,33,0,2
BRDA:330,33,1,1
BRDA:342,34,0,2
BRDA:342,35,0,3
BRDA:342,35,1,3
BRDA:345,36,0,2
BRDA:356,37,0,2
BRDA:357,38,0,2
BRDA:357,38,1,0
BRDA:358,39,0,2
BRDA:358,39,1,0
BRDA:382,40,0,2
BRDA:388,41,0,2
BRDA:394,42,0,6
BRDA:401,43,0,6
BRDA:452,44,0,1
BRDA:460,45,0,1
BRDA:497,46,0,3
BRDA:501,47,0,1
BRDA:505,48,0,3
BRF:65
BRH:62
end_of_record
TN:
SF:src\services\standupGenerator.ts
FN:54,(anonymous_0)
FN:67,(anonymous_1)
FN:89,(anonymous_2)
FN:115,(anonymous_3)
FN:137,(anonymous_4)
FN:151,(anonymous_5)
FN:155,(anonymous_6)
FN:159,(anonymous_7)
FN:166,(anonymous_8)
FNF:9
FNH:7
FNDA:17,(anonymous_0)
FNDA:8,(anonymous_1)
FNDA:13,(anonymous_2)
FNDA:0,(anonymous_3)
FNDA:8,(anonymous_4)
FNDA:12,(anonymous_5)
FNDA:5,(anonymous_6)
FNDA:10,(anonymous_7)
FNDA:0,(anonymous_8)
DA:45,4
DA:50,4
DA:55,17
DA:56,17
DA:74,8
DA:77,8
DA:79,8
DA:80,1
DA:83,7
DA:90,13
DA:91,13
DA:114,12
DA:115,2
DA:116,2
DA:117,2
DA:120,10
DA:123,10
DA:124,9
DA:126,1
DA:129,4
DA:130,4
DA:143,8
DA:150,8
DA:151,12
DA:154,8
DA:155,5
DA:158,8
DA:159,10
DA:162,8
DA:164,8
DA:165,8
DA:166,0
DA:169,8
DA:173,8
LF:34
LH:33
BRDA:54,0,0,15
BRDA:55,1,0,17
BRDA:55,1,1,16
BRDA:56,2,0,17
BRDA:56,2,1,16
BRDA:70,3,0,0
BRDA:71,4,0,8
BRDA:79,5,0,1
BRDA:114,6,0,2
BRDA:116,7,0,2
BRDA:116,7,1,0
BRDA:123,8,0,9
BRDA:123,8,1,1
BRDA:123,9,0,10
BRDA:123,9,1,9
BRDA:162,10,0,7
BRDA:162,10,1,1
BRDA:165,11,0,0
BRDA:169,12,0,2
BRDA:169,12,1,6
BRDA:182,13,0,8
BRDA:182,13,1,0
BRDA:184,14,0,1
BRDA:184,14,1,7
BRF:24
BRH:20
end_of_record
TN:
SF:src\trackers\activityTracker.ts
FN:30,(anonymous_9)
FN:35,(anonymous_10)
FN:42,(anonymous_11)
FN:63,(anonymous_12)
FN:94,(anonymous_13)
FN:107,(anonymous_14)
FN:108,(anonymous_15)
FN:132,(anonymous_16)
FN:135,(anonymous_17)
FN:151,(anonymous_18)
FN:158,(anonymous_19)
FN:165,(anonymous_20)
FN:173,(anonymous_21)
FN:180,(anonymous_22)
FN:185,(anonymous_23)
FNF:15
FNH:15
FNDA:21,(anonymous_9)
FNDA:17,(anonymous_10)
FNDA:17,(anonymous_11)
FNDA:33,(anonymous_12)
FNDA:17,(anonymous_13)
FNDA:21,(anonymous_14)
FNDA:70,(anonymous_15)
FNDA:9,(anonymous_16)
FNDA:16,(anonymous_17)
FNDA:8,(anonymous_18)
FNDA:9,(anonymous_19)
FNDA:55,(anonymous_20)
FNDA:21,(anonymous_21)
FNDA:1,(anonymous_22)
FNDA:23,(anonymous_23)
DA:1,3
DA:2,3
DA:3,3
DA:20,3
DA:22,21
DA:25,21
DA:30,21
DA:32,21
DA:35,21
DA:36,17
DA:37,16
DA:42,21
DA:43,17
DA:45,17
DA:46,17
DA:51,21
DA:54,21
DA:65,33
DA:66,1
DA:70,32
DA:71,32
DA:72,1
DA:75,31
DA:82,31
DA:83,31
DA:85,31
DA:88,31
DA:95,17
DA:96,17
DA:98,18
DA:99,18
DA:101,17
DA:108,21
DA:109,70
DA:110,70
DA:111,10
DA:114,60
DA:115,60
DA:117,60
DA:118,60
DA:119,60
DA:122,60
DA:123,59
DA:133,9
DA:135,9
DA:137,16
DA:140,16
DA:141,16
DA:150,9
DA:151,8
DA:159,9
DA:166,55
DA:167,55
DA:174,21
DA:175,21
DA:176,1
DA:181,1
DA:182,1
DA:186,23
DA:187,23
DA:189,23
DA:190,23
LF:62
LH:62
BRDA:36,0,0,16
BRDA:36,1,0,17
BRDA:36,1,1,17
BRDA:43,2,0,17
BRDA:65,3,0,1
BRDA:71,4,0,1
BRDA:75,5,0,31
BRDA:75,5,1,19
BRDA:110,6,0,10
BRDA:110,7,0,70
BRDA:110,7,1,60
BRDA:117,8,0,60
BRDA:122,9,0,59
BRDA:132,10,0,0
BRDA:140,11,0,16
BRDA:140,12,0,16
BRDA:140,12,1,15
BRDA:175,13,0,1
BRDA:186,14,0,23
BRF:19
BRH:18
end_of_record
TN:
SF:src\trackers\gitTracker.ts
FN:28,(anonymous_9)
FN:85,(anonymous_10)
FN:99,(anonymous_11)
FN:114,(anonymous_12)
FNF:4
FNH:4
FNDA:12,(anonymous_9)
FNDA:10,(anonymous_10)
FNDA:8,(anonymous_11)
FNDA:7,(anonymous_12)
DA:1,3
DA:2,3
DA:3,3
DA:6,3
DA:21,3
DA:30,12
DA:31,12
DA:32,1
DA:33,1
DA:37,11
DA:38,11
DA:39,1
DA:42,10
DA:44,10
DA:46,10
DA:47,10
DA:48,2
DA:53,8
DA:54,8
DA:56,8
DA:62,7
DA:67,1
DA:69,1
DA:70,0
DA:72,1
DA:75,0
DA:78,1
DA:86,10
DA:87,10
DA:88,8
DA:90,2
DA:91,2
DA:100,8
DA:115,7
DA:116,7
DA:118,7
DA:123,7
DA:125,7
DA:126,11
DA:129,11
DA:130,2
DA:133,9
DA:135,9
DA:137,4
DA:138,0
DA:142,4
DA:151,5
DA:152,3
DA:158,7
DA:159,4
DA:162,7
LF:51
LH:48
BRDA:28,0,0,0
BRDA:31,1,0,1
BRDA:38,2,0,1
BRDA:47,3,0,2
BRDA:67,4,0,1
BRDA:67,4,1,0
BRDA:69,5,0,0
BRDA:69,5,1,1
BRDA:129,6,0,2
BRDA:135,7,0,4
BRDA:135,7,1,5
BRDA:137,8,0,0
BRDA:137,9,0,4
BRDA:137,9,1,0
BRDA:151,10,0,3
BRDA:151,11,0,5
BRDA:151,11,1,3
BRDA:158,12,0,4
BRDA:158,13,0,7
BRDA:158,13,1,4
BRF:20
BRH:15
end_of_record
TN:
SF:src\trackers\terminalTracker.ts
FN:16,(anonymous_9)
FN:25,(anonymous_10)
FN:28,(anonymous_11)
FN:35,(anonymous_12)
FN:41,(anonymous_13)
FN:49,(anonymous_14)
FN:68,(anonymous_15)
FN:76,(anonymous_16)
FN:87,(anonymous_17)
FN:115,(anonymous_18)
FN:137,(anonymous_19)
FN:165,(anonymous_20)
FN:189,(anonymous_21)
FN:220,(anonymous_22)
FN:250,(anonymous_23)
FN:290,(anonymous_24)
FN:325,(anonymous_25)
FN:335,(anonymous_26)
FN:337,(anonymous_27)
FN:339,(anonymous_28)
FN:347,(anonymous_29)
FN:365,(anonymous_30)
FN:376,(anonymous_31)
FN:377,(anonymous_32)
FN:390,(anonymous_33)
FN:406,(anonymous_34)
FN:407,(anonymous_35)
FN:425,(anonymous_36)
FN:449,(anonymous_37)
FN:465,(anonymous_38)
FN:470,(anonymous_39)
FN:482,(anonymous_40)
FN:485,(anonymous_41)
FNF:33
FNH:24
FNDA:51,(anonymous_9)
FNDA:9,(anonymous_10)
FNDA:0,(anonymous_11)
FNDA:0,(anonymous_12)
FNDA:1,(anonymous_13)
FNDA:1,(anonymous_14)
FNDA:0,(anonymous_15)
FNDA:1,(anonymous_16)
FNDA:1,(anonymous_17)
FNDA:35,(anonymous_18)
FNDA:83,(anonymous_19)
FNDA:19,(anonymous_20)
FNDA:19,(anonymous_21)
FNDA:38,(anonymous_22)
FNDA:8,(anonymous_23)
FNDA:20,(anonymous_24)
FNDA:180,(anonymous_25)
FNDA:12,(anonymous_26)
FNDA:0,(anonymous_27)
FNDA:0,(anonymous_28)
FNDA:12,(anonymous_29)
FNDA:8,(anonymous_30)
FNDA:0,(anonymous_31)
FNDA:0,(anonymous_32)
FNDA:4,(anonymous_33)
FNDA:0,(anonymous_34)
FNDA:0,(anonymous_35)
FNDA:8,(anonymous_36)
FNDA:1110,(anonymous_37)
FNDA:10,(anonymous_38)
FNDA:1007,(anonymous_39)
FNDA:37,(anonymous_40)
FNDA:18,(anonymous_41)
DA:1,3
DA:2,3
DA:3,3
DA:4,3
DA:5,3
DA:6,3
DA:8,3
DA:16,3
DA:17,51
DA:18,51
DA:19,51
DA:20,51
DA:27,9
DA:29,0
DA:34,9
DA:36,0
DA:41,9
DA:42,1
DA:50,1
DA:51,1
DA:54,1
DA:57,1
DA:58,1
DA:61,0
DA:69,0
DA:70,0
DA:79,1
DA:80,1
DA:81,1
DA:88,1
DA:89,1
DA:91,1
DA:92,0
DA:93,1
DA:94,0
DA:95,1
DA:96,0
DA:97,1
DA:98,0
DA:99,1
DA:100,0
DA:104,1
DA:105,0
DA:107,1
DA:117,35
DA:118,3
DA:122,32
DA:123,1
DA:126,31
DA:129,31
DA:130,20
DA:132,20
DA:133,13
DA:134,13
DA:136,12
DA:137,83
DA:139,12
DA:141,1
DA:147,19
DA:148,19
DA:149,7
DA:153,12
DA:154,12
DA:155,0
DA:159,12
DA:166,19
DA:167,19
DA:168,19
DA:170,19
DA:171,109
DA:172,109
DA:173,49
DA:174,38
DA:175,38
DA:178,11
DA:183,19
DA:190,19
DA:191,19
DA:193,19
DA:195,8
DA:203,11
DA:214,19
DA:221,38
DA:222,38
DA:225,38
DA:226,8
DA:230,30
DA:231,20
DA:235,10
DA:236,10
DA:237,111
DA:238,111
DA:239,107
DA:243,10
DA:251,8
DA:252,8
DA:254,8
DA:255,8
DA:256,76
DA:259,76
DA:261,5
DA:262,5
DA:263,5
DA:264,5
DA:265,5
DA:269,0
DA:270,0
DA:271,0
DA:272,0
DA:273,0
DA:277,71
DA:278,71
DA:281,76
DA:284,8
DA:291,20
DA:292,20
DA:294,20
DA:296,20
DA:297,126
DA:300,126
DA:301,14
DA:302,14
DA:303,14
DA:304,14
DA:305,14
DA:311,0
DA:316,0
DA:319,20
DA:326,180
DA:336,12
DA:337,0
DA:339,0
DA:341,12
DA:348,12
DA:350,12
DA:351,12
DA:352,8
DA:354,4
DA:357,0
DA:358,0
DA:366,8
DA:368,8
DA:372,6
DA:373,0
DA:376,0
DA:377,0
DA:384,8
DA:391,4
DA:394,4
DA:396,4
DA:397,8
DA:398,8
DA:402,8
DA:403,0
DA:406,0
DA:407,0
DA:409,0
DA:413,8
DA:417,4
DA:426,8
DA:430,8
DA:434,5
DA:441,3
DA:442,3
DA:450,1110
DA:457,1110
DA:458,100
DA:470,1007
DA:472,10
DA:483,37
DA:484,37
DA:485,37
DA:486,37
LF:173
LH:143
BRDA:81,0,0,1
BRDA:81,0,1,0
BRDA:91,1,0,0
BRDA:91,1,1,1
BRDA:91,2,0,1
BRDA:91,2,1,1
BRDA:93,3,0,0
BRDA:93,3,1,1
BRDA:93,4,0,1
BRDA:93,4,1,1
BRDA:95,5,0,0
BRDA:95,5,1,1
BRDA:97,6,0,0
BRDA:97,6,1,1
BRDA:99,7,0,0
BRDA:104,8,0,0
BRDA:104,8,1,1
BRDA:115,9,0,30
BRDA:117,10,0,3
BRDA:122,11,0,1
BRDA:129,12,0,20
BRDA:132,13,0,13
BRDA:148,14,0,7
BRDA:154,15,0,0
BRDA:172,16,0,49
BRDA:193,17,0,8
BRDA:193,17,1,11
BRDA:225,18,0,8
BRDA:225,19,0,38
BRDA:225,19,1,33
BRDA:230,20,0,20
BRDA:238,21,0,107
BRDA:238,22,0,111
BRDA:238,22,1,109
BRDA:259,23,0,5
BRDA:259,23,1,71
BRDA:262,24,0,5
BRDA:262,24,1,0
BRDA:262,25,0,5
BRDA:262,25,1,5
BRDA:264,26,0,5
BRDA:270,27,0,0
BRDA:272,28,0,0
BRDA:277,29,0,71
BRDA:277,30,0,71
BRDA:277,30,1,71
BRDA:300,31,0,14
BRDA:302,32,0,14
BRDA:302,33,0,14
BRDA:302,33,1,14
BRDA:304,34,0,14
BRDA:326,35,0,180
BRDA:326,35,1,179
BRDA:326,35,2,178
BRDA:326,35,3,178
BRDA:351,36,0,8
BRDA:351,36,1,4
BRDA:372,37,0,0
BRDA:402,38,0,0
BRDA:407,39,0,0
BRDA:407,39,1,0
BRDA:457,40,0,100
BRF:62
BRH:47
end_of_record
TN:
SF:src\utils\ActivityAnalyzer.ts
FN:35,(anonymous_0)
FN:41,(anonymous_1)
FN:43,(anonymous_2)
FN:47,(anonymous_3)
FN:52,(anonymous_4)
FN:54,(anonymous_5)
FN:75,(anonymous_6)
FN:77,(anonymous_7)
FN:86,(anonymous_8)
FN:89,(anonymous_9)
FNF:10
FNH:10
FNDA:39,(anonymous_0)
FNDA:18,(anonymous_1)
FNDA:18,(anonymous_2)
FNDA:24,(anonymous_3)
FNDA:23,(anonymous_4)
FNDA:149,(anonymous_5)
FNDA:60,(anonymous_6)
FNDA:1531,(anonymous_7)
FNDA:39,(anonymous_8)
FNDA:24,(anonymous_9)
DA:13,5
DA:15,5
DA:26,5
DA:36,39
DA:37,39
DA:41,39
DA:42,18
DA:43,18
DA:47,39
DA:48,24
DA:52,39
DA:53,23
DA:54,149
DA:55,23
DA:57,9
DA:62,39
DA:64,39
DA:76,60
DA:77,1531
DA:78,43
DA:88,39
DA:89,39
DA:90,24
DA:91,24
DA:92,23
DA:94,23
DA:98,39
DA:99,39
DA:101,39
DA:102,3
DA:105,36
DA:108,6
DA:112,30
LF:33
LH:33
BRDA:55,0,0,9
BRDA:57,1,0,1
BRDA:57,1,1,8
BRDA:77,2,0,43
BRDA:91,3,0,23
BRDA:101,4,0,3
BRDA:101,5,0,39
BRDA:101,5,1,29
BRDA:105,6,0,6
BRDA:105,7,0,36
BRDA:105,7,1,6
BRF:11
BRH:11
end_of_record
TN:
SF:src\utils\ConfigManager.ts
FN:19,(anonymous_9)
FN:56,(anonymous_10)
FNF:2
FNH:2
FNDA:28,(anonymous_9)
FNDA:12,(anonymous_10)
DA:1,4
DA:2,4
DA:3,4
DA:15,4
DA:20,28
DA:22,28
DA:32,28
DA:33,28
DA:34,9
DA:35,9
DA:37,9
DA:38,5
DA:39,5
DA:40,5
DA:43,4
DA:45,1
DA:50,24
DA:57,12
LF:18
LH:18
BRDA:23,0,0,28
BRDA:23,0,1,2
BRDA:24,1,0,28
BRDA:24,1,1,2
BRDA:25,2,0,28
BRDA:25,2,1,2
BRDA:26,3,0,28
BRDA:26,3,1,27
BRDA:27,4,0,28
BRDA:27,4,1,2
BRDA:28,5,0,28
BRDA:28,5,1,0
BRDA:33,6,0,9
BRDA:33,7,0,28
BRDA:33,7,1,27
BRDA:37,8,0,5
BRF:16
BRH:15
end_of_record
TN:
SF:src\utils\ConfigValidator.ts
FN:128,(anonymous_9)
FN:147,(anonymous_10)
FN:166,(anonymous_11)
FN:185,(anonymous_12)
FN:204,(anonymous_13)
FN:229,(anonymous_14)
FN:230,(anonymous_15)
FN:242,(anonymous_16)
FN:259,(anonymous_17)
FN:266,(anonymous_18)
FN:287,(anonymous_19)
FN:295,(anonymous_20)
FN:303,(anonymous_21)
FN:328,(anonymous_22)
FN:340,(anonymous_23)
FN:348,loadAndValidateConfig
FNF:16
FNH:14
FNDA:10,(anonymous_9)
FNDA:3,(anonymous_10)
FNDA:3,(anonymous_11)
FNDA:0,(anonymous_12)
FNDA:3,(anonymous_13)
FNDA:10,(anonymous_14)
FNDA:10,(anonymous_15)
FNDA:8,(anonymous_16)
FNDA:7,(anonymous_17)
FNDA:5,(anonymous_18)
FNDA:1,(anonymous_19)
FNDA:3,(anonymous_20)
FNDA:1,(anonymous_21)
FNDA:1,(anonymous_22)
FNDA:4,(anonymous_23)
FNDA:0,loadAndValidateConfig
DA:1,2
DA:2,2
DA:7,2
DA:70,2
DA:94,2
DA:109,2
DA:124,2
DA:129,10
DA:130,10
DA:132,6
DA:133,6
DA:134,6
DA:140,0
DA:148,3
DA:149,3
DA:151,1
DA:152,1
DA:153,1
DA:159,0
DA:167,3
DA:168,3
DA:170,2
DA:171,2
DA:172,2
DA:178,0
DA:186,0
DA:187,0
DA:189,0
DA:190,0
DA:191,0
DA:197,0
DA:205,3
DA:207,3
DA:208,3
DA:209,2
DA:211,1
DA:214,2
DA:215,1
DA:216,1
DA:222,1
DA:230,10
DA:231,10
DA:232,10
DA:233,10
DA:236,10
DA:243,8
DA:244,8
DA:246,8
DA:247,8
DA:248,11
DA:249,8
DA:253,8
DA:260,7
DA:267,5
DA:268,5
DA:270,5
DA:280,2
DA:281,2
DA:282,2
DA:288,1
DA:289,1
DA:297,3
DA:304,1
DA:306,1
DA:308,1
DA:309,1
DA:311,1
DA:312,1
DA:313,1
DA:315,0
DA:316,0
DA:320,1
DA:329,1
DA:337,1
DA:341,4
DA:348,2
DA:349,0
DA:352,0
DA:353,0
DA:354,0
DA:355,0
DA:356,0
DA:361,0
DA:364,0
DA:368,2
LF:85
LH:66
BRDA:132,0,0,6
BRDA:151,1,0,1
BRDA:170,2,0,2
BRDA:189,3,0,0
BRDA:208,4,0,2
BRDA:208,4,1,1
BRDA:214,5,0,1
BRDA:233,6,0,9
BRDA:233,6,1,1
BRDA:248,7,0,8
BRDA:309,8,0,1
BRDA:309,8,1,0
BRDA:355,9,0,0
BRF:13
BRH:10
end_of_record
TN:
SF:src\utils\Diagnostics.ts
FN:27,(anonymous_9)
FN:34,(anonymous_10)
FN:60,(anonymous_11)
FN:77,(anonymous_12)
FN:94,(anonymous_13)
FN:122,(anonymous_14)
FN:128,(anonymous_15)
FN:165,(anonymous_16)
FN:264,(anonymous_17)
FN:275,(anonymous_18)
FN:289,setDiagnosticsContext
FNF:11
FNH:5
FNDA:12,(anonymous_9)
FNDA:4,(anonymous_10)
FNDA:0,(anonymous_11)
FNDA:3,(anonymous_12)
FNDA:0,(anonymous_13)
FNDA:1,(anonymous_14)
FNDA:1,(anonymous_15)
FNDA:0,(anonymous_16)
FNDA:0,(anonymous_17)
FNDA:0,(anonymous_18)
FNDA:0,setDiagnosticsContext
DA:1,1
DA:2,1
DA:3,1
DA:4,1
DA:5,1
DA:24,1
DA:28,12
DA:35,4
DA:36,4
DA:38,3
DA:48,3
DA:49,3
DA:50,3
DA:51,0
DA:52,0
DA:54,0
DA:55,0
DA:56,0
DA:58,0
DA:61,0
DA:68,0
DA:71,3
DA:78,3
DA:80,3
DA:81,0
DA:82,0
DA:84,0
DA:88,3
DA:95,0
DA:96,0
DA:98,0
DA:99,0
DA:106,0
DA:107,0
DA:110,0
DA:113,0
DA:114,0
DA:116,0
DA:128,2
DA:130,1
DA:131,1
DA:133,1
DA:134,1
DA:141,0
DA:142,0
DA:144,0
DA:149,0
DA:151,0
DA:166,0
DA:176,0
DA:178,0
DA:264,0
DA:265,0
DA:266,0
DA:267,0
DA:277,0
DA:289,1
DA:290,0
LF:58
LH:23
BRDA:28,0,0,12
BRDA:28,0,1,1
BRDA:40,1,0,3
BRDA:40,1,1,1
BRDA:50,2,0,0
BRDA:54,3,0,0
BRDA:61,4,0,0
BRDA:61,4,1,0
BRDA:81,5,0,0
BRDA:81,5,1,0
BRDA:81,6,0,0
BRDA:81,6,1,0
BRDA:81,6,2,0
BRDA:98,7,0,0
BRDA:106,8,0,0
BRDA:131,9,0,1
BRDA:131,9,1,1
BRDA:133,10,0,1
BRDA:265,11,0,0
BRF:19
BRH:7
end_of_record
TN:
SF:src\utils\Logger.ts
FN:4,(anonymous_9)
FN:35,(anonymous_10)
FN:46,(anonymous_11)
FN:53,(anonymous_12)
FN:60,(anonymous_13)
FN:67,(anonymous_14)
FN:74,(anonymous_15)
FN:81,(anonymous_16)
FN:95,(anonymous_17)
FN:131,(anonymous_18)
FN:160,(anonymous_19)
FN:167,(anonymous_20)
FN:168,(anonymous_21)
FN:174,(anonymous_22)
FN:181,(anonymous_23)
FN:208,(anonymous_24)
FN:216,(anonymous_25)
FN:223,(anonymous_26)
FN:236,initLogger
FN:246,getLogger
FN:256,createLogger
FNF:21
FNH:20
FNDA:2,(anonymous_9)
FNDA:31,(anonymous_10)
FNDA:4,(anonymous_11)
FNDA:5,(anonymous_12)
FNDA:7,(anonymous_13)
FNDA:1109,(anonymous_14)
FNDA:6,(anonymous_15)
FNDA:10,(anonymous_16)
FNDA:1132,(anonymous_17)
FNDA:1131,(anonymous_18)
FNDA:16,(anonymous_19)
FNDA:1,(anonymous_20)
FNDA:4,(anonymous_21)
FNDA:1,(anonymous_22)
FNDA:1,(anonymous_23)
FNDA:1,(anonymous_24)
FNDA:0,(anonymous_25)
FNDA:30,(anonymous_26)
FNDA:3,initLogger
FNDA:2,getLogger
FNDA:1,createLogger
DA:1,2
DA:2,2
DA:4,2
DA:5,2
DA:6,2
DA:7,2
DA:8,2
DA:29,2
DA:31,31
DA:32,31
DA:36,31
DA:39,31
DA:40,31
DA:47,4
DA:54,5
DA:61,7
DA:68,1109
DA:75,6
DA:82,10
DA:89,10
DA:96,1132
DA:97,1
DA:100,1131
DA:109,1131
DA:110,1131
DA:111,100
DA:115,1131
DA:116,1131
DA:119,1131
DA:120,0
DA:124,0
DA:132,1131
DA:133,1131
DA:135,1131
DA:136,11
DA:137,3
DA:138,3
DA:139,0
DA:141,3
DA:142,2
DA:145,3
DA:146,3
DA:147,1
DA:150,8
DA:154,1131
DA:161,16
DA:168,4
DA:175,1
DA:182,1
DA:184,1
DA:185,4
DA:190,4
DA:191,4
DA:193,4
DA:194,1
DA:195,1
DA:196,1
DA:197,1
DA:199,4
DA:202,1
DA:209,1
DA:210,1
DA:217,0
DA:224,30
DA:231,2
DA:236,2
DA:237,3
DA:238,2
DA:240,3
DA:246,2
DA:247,2
DA:248,1
DA:250,2
DA:256,2
DA:257,1
LF:75
LH:71
BRDA:4,0,0,2
BRDA:4,0,1,2
BRDA:37,1,0,2
BRDA:82,2,0,3
BRDA:82,2,1,7
BRDA:85,3,0,0
BRDA:85,3,1,3
BRDA:96,4,0,1
BRDA:110,5,0,100
BRDA:119,6,0,0
BRDA:120,7,0,0
BRDA:120,7,1,0
BRDA:121,8,0,0
BRDA:121,8,1,0
BRDA:122,9,0,0
BRDA:122,9,1,0
BRDA:135,10,0,11
BRDA:136,11,0,3
BRDA:136,11,1,8
BRDA:138,12,0,0
BRDA:141,13,0,2
BRDA:146,14,0,1
BRDA:185,15,0,1
BRDA:185,15,1,3
BRDA:186,16,0,1
BRDA:186,16,1,2
BRDA:187,17,0,1
BRDA:187,17,1,1
BRDA:193,18,0,1
BRDA:236,19,0,1
BRDA:237,20,0,2
BRDA:247,21,0,1
BRF:32
BRH:23
end_of_record
TN:
SF:src\utils\auth.ts
FN:8,setApiKeyCommand
FN:14,(anonymous_10)
FN:33,getApiKey
FN:40,ensureApiKey
FNF:4
FNH:4
FNDA:7,setApiKeyCommand
FNDA:2,(anonymous_10)
FNDA:8,getApiKey
FNDA:5,ensureApiKey
DA:1,2
DA:3,2
DA:8,2
DA:9,7
DA:15,2
DA:16,1
DA:18,1
DA:22,7
DA:23,4
DA:24,4
DA:25,4
DA:27,3
DA:33,2
DA:34,8
DA:40,2
DA:41,5
DA:43,5
DA:44,1
DA:47,4
DA:53,4
DA:54,2
DA:57,2
LF:22
LH:22
BRDA:15,0,0,1
BRDA:15,1,0,2
BRDA:15,1,1,2
BRDA:22,2,0,4
BRDA:43,3,0,1
BRDA:53,4,0,2
BRF:6
BRH:6
end_of_record
TN:
SF:src\utils\errors.ts
FN:6,(anonymous_0)
FN:19,(anonymous_1)
FN:32,(anonymous_2)
FN:41,(anonymous_3)
FN:50,(anonymous_4)
FN:68,(anonymous_5)
FN:76,(anonymous_6)
FN:88,(anonymous_7)
FN:96,(anonymous_8)
FN:114,(anonymous_9)
FN:122,(anonymous_10)
FN:131,(anonymous_11)
FN:139,(anonymous_12)
FN:151,(anonymous_13)
FN:159,(anonymous_14)
FN:170,isStandupError
FN:177,getErrorMessage
FN:190,toStandupError
FNF:18
FNH:18
FNDA:46,(anonymous_0)
FNDA:1,(anonymous_1)
FNDA:1,(anonymous_2)
FNDA:9,(anonymous_3)
FNDA:6,(anonymous_4)
FNDA:13,(anonymous_5)
FNDA:4,(anonymous_6)
FNDA:6,(anonymous_7)
FNDA:5,(anonymous_8)
FNDA:2,(anonymous_9)
FNDA:1,(anonymous_10)
FNDA:5,(anonymous_11)
FNDA:3,(anonymous_12)
FNDA:3,(anonymous_13)
FNDA:3,(anonymous_14)
FNDA:18,isStandupError
FNDA:4,getErrorMessage
FNDA:5,toStandupError
DA:5,5
DA:8,46
DA:9,46
DA:11,46
DA:12,46
DA:13,46
DA:20,1
DA:33,1
DA:40,5
DA:43,9
DA:44,9
DA:47,9
DA:51,6
DA:52,2
DA:54,4
DA:55,1
DA:57,3
DA:58,2
DA:60,1
DA:67,5
DA:70,13
DA:73,13
DA:77,4
DA:78,3
DA:80,1
DA:87,5
DA:90,6
DA:93,6
DA:97,5
DA:98,2
DA:100,3
DA:101,1
DA:103,2
DA:104,1
DA:106,1
DA:113,5
DA:116,2
DA:119,2
DA:123,1
DA:130,5
DA:133,5
DA:136,5
DA:140,3
DA:141,2
DA:143,1
DA:150,5
DA:153,3
DA:156,3
DA:160,3
DA:161,2
DA:163,1
DA:170,5
DA:171,18
DA:177,5
DA:178,4
DA:179,1
DA:181,3
DA:182,1
DA:184,2
DA:190,5
DA:191,5
DA:192,1
DA:194,4
DA:195,2
DA:200,2
LF:65
LH:65
BRDA:51,0,0,2
BRDA:54,1,0,1
BRDA:57,2,0,2
BRDA:57,3,0,3
BRDA:57,3,1,3
BRDA:77,4,0,3
BRDA:97,5,0,2
BRDA:100,6,0,1
BRDA:103,7,0,1
BRDA:140,8,0,2
BRDA:160,9,0,2
BRDA:178,10,0,1
BRDA:181,11,0,1
BRDA:191,12,0,1
BRDA:194,13,0,2
BRF:15
BRH:15
end_of_record
TN:
SF:src\utils\getNonce.ts
FN:1,getNonce
FNF:1
FNH:1
FNDA:105,getNonce
DA:1,2
DA:2,105
DA:3,105
DA:4,105
DA:5,3360
DA:7,105
LF:6
LH:6
BRF:0
BRH:0
end_of_record
TN:
SF:src\utils\ignore.ts
FN:5,isIgnored
FN:8,(anonymous_1)
FN:18,(anonymous_2)
FNF:3
FNH:3
FNDA:54,isIgnored
FNDA:95,(anonymous_1)
FNDA:430,(anonymous_2)
DA:5,4
DA:6,54
DA:8,54
DA:9,95
DA:12,95
DA:14,95
DA:17,95
DA:18,430
DA:19,32
DA:23,63
DA:24,27
DA:25,27
DA:29,36
LF:13
LH:13
BRDA:18,0,0,32
BRDA:18,1,0,430
BRDA:18,1,1,398
BRDA:23,2,0,27
BRDA:29,3,0,36
BRDA:29,3,1,36
BRF:6
BRH:6
end_of_record
TN:
SF:src\webviews\DataAuditPanel.ts
FN:8,(anonymous_9)
FN:29,(anonymous_10)
FN:33,(anonymous_11)
FN:36,(anonymous_12)
FN:59,(anonymous_13)
FN:125,(anonymous_14)
FNF:6
FNH:6
FNDA:35,(anonymous_9)
FNDA:34,(anonymous_10)
FNDA:1,(anonymous_11)
FNDA:8,(anonymous_12)
FNDA:34,(anonymous_13)
FNDA:34,(anonymous_14)
DA:1,2
DA:3,2
DA:6,34
DA:9,35
DA:11,35
DA:12,1
DA:13,1
DA:16,34
DA:26,34
DA:30,34
DA:31,34
DA:33,34
DA:35,34
DA:37,8
DA:39,4
DA:40,4
DA:43,1
DA:44,1
DA:46,4
DA:48,4
DA:50,3
DA:51,3
DA:60,34
DA:62,34
DA:126,34
DA:127,34
DA:128,34
DA:129,1
DA:130,1
LF:29
LH:29
BRDA:9,0,0,4
BRDA:9,0,1,31
BRDA:11,1,0,1
BRDA:19,2,0,34
BRDA:19,2,1,31
BRDA:37,3,0,4
BRDA:37,3,1,3
BRDA:44,4,0,1
BRDA:44,4,1,0
BRDA:130,5,0,1
BRF:10
BRH:9
end_of_record
TN:
SF:src\webviews\HistoryPanel.ts
FN:9,(anonymous_9)
FN:30,(anonymous_10)
FN:34,(anonymous_11)
FN:37,(anonymous_12)
FN:52,(anonymous_13)
FN:60,(anonymous_14)
FN:197,(anonymous_15)
FN:207,getNonce
FNF:8
FNH:8
FNDA:31,(anonymous_9)
FNDA:30,(anonymous_10)
FNDA:1,(anonymous_11)
FNDA:4,(anonymous_12)
FNDA:30,(anonymous_13)
FNDA:30,(anonymous_14)
FNDA:30,(anonymous_15)
FNDA:30,getNonce
DA:1,2
DA:2,2
DA:4,2
DA:7,30
DA:10,31
DA:12,31
DA:13,1
DA:14,1
DA:17,30
DA:27,30
DA:31,30
DA:32,30
DA:34,30
DA:36,30
DA:38,4
DA:40,3
DA:41,1
DA:42,1
DA:44,3
DA:53,30
DA:54,30
DA:55,30
DA:57,30
DA:61,30
DA:63,30
DA:198,30
DA:199,30
DA:200,30
DA:201,1
DA:202,1
DA:208,30
DA:209,30
DA:210,30
DA:211,960
DA:213,30
LF:35
LH:35
BRDA:10,0,0,4
BRDA:10,0,1,27
BRDA:12,1,0,1
BRDA:20,2,0,30
BRDA:20,2,1,27
BRDA:38,3,0,3
BRDA:40,4,0,1
BRDA:202,5,0,1
BRF:8
BRH:8
end_of_record
TN:
SF:src\webviews\standupCard.ts
FN:11,(anonymous_9)
FN:40,(anonymous_10)
FN:47,(anonymous_11)
FN:51,(anonymous_12)
FN:91,(anonymous_13)
FN:104,(anonymous_14)
FN:113,(anonymous_15)
FNF:7
FNH:7
FNDA:28,(anonymous_9)
FNDA:26,(anonymous_10)
FNDA:1,(anonymous_11)
FNDA:11,(anonymous_12)
FNDA:26,(anonymous_13)
FNDA:28,(anonymous_14)
FNDA:28,(anonymous_15)
DA:1,2
DA:2,2
DA:4,2
DA:6,2
DA:9,26
DA:12,28
DA:17,28
DA:18,2
DA:19,2
DA:20,2
DA:24,26
DA:37,26
DA:40,26
DA:41,26
DA:44,26
DA:47,26
DA:50,26
DA:52,11
DA:54,4
DA:55,3
DA:56,3
DA:57,2
DA:58,2
DA:60,1
DA:63,4
DA:65,3
DA:66,3
DA:67,3
DA:68,2
DA:70,1
DA:73,3
DA:75,3
DA:76,3
DA:77,3
DA:78,1
DA:80,2
DA:83,3
DA:92,26
DA:94,26
DA:96,26
DA:97,0
DA:98,0
DA:99,0
DA:105,28
DA:106,2
DA:109,28
DA:110,28
DA:114,28
DA:116,28
LF:49
LH:46
BRDA:12,0,0,4
BRDA:12,0,1,24
BRDA:17,1,0,2
BRDA:27,2,0,26
BRDA:27,2,1,23
BRDA:52,3,0,4
BRDA:52,3,1,3
BRDA:52,3,2,3
BRDA:54,4,0,3
BRDA:65,5,0,3
BRDA:75,6,0,3
BRDA:98,7,0,0
BRDA:105,8,0,2
BRF:13
BRH:12
end_of_record
