TN:
SF:src\extension.ts
FN:15,activate
FN:29,(anonymous_10)
FN:35,(anonymous_11)
FN:54,(anonymous_12)
FN:59,(anonymous_13)
FN:67,(anonymous_14)
FN:73,(anonymous_15)
FN:79,(anonymous_16)
FN:87,(anonymous_17)
FN:98,(anonymous_18)
FN:99,(anonymous_19)
FN:103,(anonymous_20)
FN:109,(anonymous_21)
FN:119,(anonymous_22)
FN:131,(anonymous_23)
FN:135,(anonymous_24)
FN:149,updateStatusBar
FN:165,setupScheduler
FN:177,(anonymous_27)
FN:185,(anonymous_28)
FN:194,(anonymous_29)
FN:203,(anonymous_30)
FN:208,deactivate
FNF:23
FNH:0
FNDA:0,activate
FNDA:0,(anonymous_10)
FNDA:0,(anonymous_11)
FNDA:0,(anonymous_12)
FNDA:0,(anonymous_13)
FNDA:0,(anonymous_14)
FNDA:0,(anonymous_15)
FNDA:0,(anonymous_16)
FNDA:0,(anonymous_17)
FNDA:0,(anonymous_18)
FNDA:0,(anonymous_19)
FNDA:0,(anonymous_20)
FNDA:0,(anonymous_21)
FNDA:0,(anonymous_22)
FNDA:0,(anonymous_23)
FNDA:0,(anonymous_24)
FNDA:0,updateStatusBar
FNDA:0,setupScheduler
FNDA:0,(anonymous_27)
FNDA:0,(anonymous_28)
FNDA:0,(anonymous_29)
FNDA:0,(anonymous_30)
FNDA:0,deactivate
DA:1,0
DA:2,0
DA:3,0
DA:4,0
DA:5,0
DA:6,0
DA:7,0
DA:8,0
DA:9,0
DA:10,0
DA:11,0
DA:12,0
DA:13,0
DA:15,0
DA:16,0
DA:19,0
DA:20,0
DA:21,0
DA:22,0
DA:23,0
DA:24,0
DA:29,0
DA:30,0
DA:31,0
DA:32,0
DA:33,0
DA:35,0
DA:36,0
DA:37,0
DA:42,0
DA:43,0
DA:44,0
DA:45,0
DA:46,0
DA:48,0
DA:54,0
DA:55,0
DA:59,0
DA:60,0
DA:61,0
DA:62,0
DA:63,0
DA:67,0
DA:68,0
DA:73,0
DA:74,0
DA:79,0
DA:80,0
DA:81,0
DA:82,0
DA:83,0
DA:84,0
DA:85,0
DA:87,0
DA:88,0
DA:89,0
DA:90,0
DA:92,0
DA:98,0
DA:99,0
DA:100,0
DA:101,0
DA:103,0
DA:104,0
DA:105,0
DA:109,0
DA:110,0
DA:111,0
DA:112,0
DA:113,0
DA:114,0
DA:115,0
DA:116,0
DA:119,0
DA:120,0
DA:121,0
DA:122,0
DA:123,0
DA:124,0
DA:125,0
DA:126,0
DA:127,0
DA:128,0
DA:131,0
DA:132,0
DA:133,0
DA:135,0
DA:138,0
DA:145,0
DA:146,0
DA:147,0
DA:150,0
DA:151,0
DA:152,0
DA:153,0
DA:155,0
DA:156,0
DA:159,0
DA:160,0
DA:161,0
DA:166,0
DA:167,0
DA:168,0
DA:169,0
DA:171,0
DA:172,0
DA:173,0
DA:174,0
DA:175,0
DA:177,0
DA:178,0
DA:179,0
DA:180,0
DA:183,0
DA:184,0
DA:185,0
DA:186,0
DA:187,0
DA:191,0
DA:192,0
DA:193,0
DA:194,0
DA:195,0
DA:196,0
DA:202,0
DA:203,0
DA:204,0
DA:208,0
LF:128
LH:0
BRDA:33,0,0,0
BRDA:63,1,0,0
BRDA:63,1,1,0
BRDA:81,2,0,0
BRDA:83,3,0,0
BRDA:101,4,0,0
BRDA:105,5,0,0
BRDA:114,6,0,0
BRDA:114,7,0,0
BRDA:114,7,1,0
BRDA:114,7,2,0
BRDA:124,8,0,0
BRDA:124,8,1,0
BRDA:126,9,0,0
BRDA:126,10,0,0
BRDA:126,10,1,0
BRDA:126,10,2,0
BRDA:126,10,3,0
BRDA:126,10,4,0
BRDA:151,11,0,0
BRDA:151,11,1,0
BRDA:152,12,0,0
BRDA:152,12,1,0
BRDA:153,13,0,0
BRDA:153,13,1,0
BRDA:160,14,0,0
BRDA:166,15,0,0
BRDA:169,16,0,0
BRDA:169,17,0,0
BRDA:169,17,1,0
BRDA:174,18,0,0
BRDA:179,19,0,0
BRDA:184,20,0,0
BRDA:187,21,0,0
BRDA:193,22,0,0
BRDA:193,23,0,0
BRDA:193,23,1,0
BRDA:195,24,0,0
BRDA:195,25,0,0
BRDA:195,25,1,0
BRDA:204,26,0,0
BRF:41
BRH:0
end_of_record
TN:
SF:src\services\DigestService.ts
FN:8,(anonymous_0)
FN:19,(anonymous_1)
FNF:2
FNH:0
FNDA:0,(anonymous_0)
FNDA:0,(anonymous_1)
DA:4,0
DA:14,0
DA:15,0
DA:19,0
DA:20,0
DA:21,0
DA:24,0
DA:35,0
DA:38,0
DA:40,0
DA:41,0
LF:11
LH:0
BRDA:14,0,0,0
BRF:1
BRH:0
end_of_record
TN:
SF:src\services\ExporterService.ts
FN:6,(anonymous_9)
FN:19,(anonymous_10)
FN:23,(anonymous_11)
FN:74,(anonymous_12)
FN:89,(anonymous_13)
FN:101,(anonymous_14)
FN:130,(anonymous_15)
FNF:7
FNH:0
FNDA:0,(anonymous_9)
FNDA:0,(anonymous_10)
FNDA:0,(anonymous_11)
FNDA:0,(anonymous_12)
FNDA:0,(anonymous_13)
FNDA:0,(anonymous_14)
FNDA:0,(anonymous_15)
DA:1,0
DA:6,0
DA:7,0
DA:19,0
DA:20,0
DA:21,0
DA:23,0
DA:24,0
DA:25,0
DA:28,0
DA:29,0
DA:36,0
DA:37,0
DA:46,0
DA:47,0
DA:57,0
DA:67,0
DA:70,0
DA:76,0
DA:78,0
DA:81,0
DA:83,0
DA:90,0
DA:91,0
DA:92,0
DA:93,0
DA:95,0
DA:102,0
DA:103,0
DA:106,0
DA:107,0
DA:109,0
DA:119,0
DA:120,0
DA:121,0
DA:124,0
DA:131,0
DA:133,0
DA:134,0
DA:137,0
DA:138,0
DA:140,0
DA:149,0
DA:150,0
DA:151,0
DA:154,0
LF:46
LH:0
BRDA:25,0,0,0
BRDA:28,1,0,0
BRDA:28,1,1,0
BRDA:36,2,0,0
BRDA:36,2,1,0
BRDA:46,3,0,0
BRDA:46,3,1,0
BRDA:46,4,0,0
BRDA:46,4,1,0
BRDA:102,5,0,0
BRDA:102,6,0,0
BRDA:102,6,1,0
BRDA:119,7,0,0
BRDA:133,8,0,0
BRDA:133,9,0,0
BRDA:133,9,1,0
BRDA:133,9,2,0
BRDA:133,9,3,0
BRDA:149,10,0,0
BRF:19
BRH:0
end_of_record
TN:
SF:src\services\HistoryService.ts
FN:22,(anonymous_0)
FN:27,(anonymous_1)
FN:47,(anonymous_2)
FN:55,(anonymous_3)
FN:59,(anonymous_4)
FN:80,(anonymous_5)
FN:87,(anonymous_6)
FN:94,(anonymous_7)
FN:100,(anonymous_8)
FN:106,(anonymous_9)
FN:115,(anonymous_10)
FNF:11
FNH:11
FNDA:26,(anonymous_0)
FNDA:14,(anonymous_1)
FNDA:25,(anonymous_2)
FNDA:7,(anonymous_3)
FNDA:39,(anonymous_4)
FNDA:24,(anonymous_5)
FNDA:16,(anonymous_6)
FNDA:4,(anonymous_7)
FNDA:7,(anonymous_8)
FNDA:5,(anonymous_9)
FNDA:27,(anonymous_10)
DA:18,2
DA:19,2
DA:20,2
DA:22,26
DA:28,14
DA:29,14
DA:30,14
DA:32,14
DA:40,14
DA:43,14
DA:44,14
DA:45,14
DA:47,25
DA:49,14
DA:56,7
DA:57,7
DA:59,39
DA:61,7
DA:63,4
DA:66,3
DA:70,7
DA:71,1
DA:74,7
DA:81,24
DA:88,16
DA:95,4
DA:96,4
DA:97,4
DA:98,4
DA:100,7
DA:107,5
DA:108,5
DA:109,5
DA:111,5
DA:112,35
DA:113,35
DA:114,35
DA:115,35
DA:116,35
DA:118,4
DA:121,5
LF:41
LH:41
BRDA:61,0,0,4
BRDA:61,0,1,3
BRDA:70,1,0,1
BRDA:116,2,0,4
BRF:4
BRH:4
end_of_record
TN:
SF:src\services\standupGenerator.ts
FN:54,(anonymous_0)
FN:67,(anonymous_1)
FN:89,(anonymous_2)
FN:115,(anonymous_3)
FN:137,(anonymous_4)
FN:151,(anonymous_5)
FN:155,(anonymous_6)
FN:159,(anonymous_7)
FN:166,(anonymous_8)
FNF:9
FNH:7
FNDA:17,(anonymous_0)
FNDA:7,(anonymous_1)
FNDA:12,(anonymous_2)
FNDA:0,(anonymous_3)
FNDA:7,(anonymous_4)
FNDA:11,(anonymous_5)
FNDA:5,(anonymous_6)
FNDA:10,(anonymous_7)
FNDA:0,(anonymous_8)
DA:45,2
DA:50,2
DA:55,17
DA:56,17
DA:74,7
DA:77,7
DA:79,7
DA:80,1
DA:83,6
DA:90,12
DA:91,12
DA:114,11
DA:115,2
DA:116,2
DA:117,2
DA:120,9
DA:123,9
DA:124,8
DA:126,1
DA:129,4
DA:130,4
DA:143,7
DA:150,7
DA:151,11
DA:154,7
DA:155,5
DA:158,7
DA:159,10
DA:162,7
DA:164,7
DA:165,7
DA:166,0
DA:169,7
DA:173,7
LF:34
LH:33
BRDA:54,0,0,15
BRDA:55,1,0,17
BRDA:55,1,1,16
BRDA:56,2,0,17
BRDA:56,2,1,16
BRDA:70,3,0,0
BRDA:71,4,0,7
BRDA:79,5,0,1
BRDA:114,6,0,2
BRDA:116,7,0,2
BRDA:116,7,1,0
BRDA:123,8,0,8
BRDA:123,8,1,1
BRDA:123,9,0,9
BRDA:123,9,1,8
BRDA:162,10,0,6
BRDA:162,10,1,1
BRDA:165,11,0,0
BRDA:169,12,0,1
BRDA:169,12,1,6
BRDA:182,13,0,7
BRDA:182,13,1,0
BRDA:184,14,0,1
BRDA:184,14,1,6
BRF:24
BRH:20
end_of_record
TN:
SF:src\trackers\activityTracker.ts
FN:30,(anonymous_9)
FN:35,(anonymous_10)
FN:42,(anonymous_11)
FN:63,(anonymous_12)
FN:94,(anonymous_13)
FN:107,(anonymous_14)
FN:108,(anonymous_15)
FN:132,(anonymous_16)
FN:135,(anonymous_17)
FN:151,(anonymous_18)
FN:158,(anonymous_19)
FN:165,(anonymous_20)
FN:173,(anonymous_21)
FN:180,(anonymous_22)
FN:185,(anonymous_23)
FNF:15
FNH:9
FNDA:20,(anonymous_9)
FNDA:16,(anonymous_10)
FNDA:5,(anonymous_11)
FNDA:0,(anonymous_12)
FNDA:0,(anonymous_13)
FNDA:20,(anonymous_14)
FNDA:15,(anonymous_15)
FNDA:8,(anonymous_16)
FNDA:0,(anonymous_17)
FNDA:0,(anonymous_18)
FNDA:6,(anonymous_19)
FNDA:0,(anonymous_20)
FNDA:20,(anonymous_21)
FNDA:0,(anonymous_22)
FNDA:23,(anonymous_23)
DA:1,2
DA:2,2
DA:3,2
DA:20,2
DA:22,20
DA:25,20
DA:30,20
DA:32,20
DA:35,20
DA:36,16
DA:37,0
DA:42,20
DA:43,5
DA:45,0
DA:46,0
DA:51,20
DA:54,20
DA:65,0
DA:66,0
DA:70,0
DA:71,0
DA:72,0
DA:75,0
DA:82,0
DA:83,0
DA:85,0
DA:88,0
DA:95,0
DA:96,0
DA:98,0
DA:99,0
DA:101,0
DA:108,20
DA:109,15
DA:110,15
DA:111,15
DA:114,0
DA:115,0
DA:117,0
DA:118,0
DA:119,0
DA:122,0
DA:123,0
DA:133,8
DA:135,8
DA:137,0
DA:140,0
DA:141,0
DA:150,8
DA:151,0
DA:159,6
DA:166,0
DA:167,0
DA:174,20
DA:175,20
DA:176,0
DA:181,0
DA:182,0
DA:186,23
DA:187,23
DA:189,22
DA:190,0
LF:62
LH:27
BRDA:36,0,0,0
BRDA:36,1,0,16
BRDA:36,1,1,16
BRDA:43,2,0,0
BRDA:65,3,0,0
BRDA:71,4,0,0
BRDA:75,5,0,0
BRDA:75,5,1,0
BRDA:110,6,0,15
BRDA:110,7,0,15
BRDA:110,7,1,5
BRDA:117,8,0,0
BRDA:122,9,0,0
BRDA:132,10,0,0
BRDA:140,11,0,0
BRDA:140,12,0,0
BRDA:140,12,1,0
BRDA:175,13,0,0
BRDA:186,14,0,23
BRF:19
BRH:6
end_of_record
TN:
SF:src\trackers\gitTracker.ts
FN:28,(anonymous_9)
FN:85,(anonymous_10)
FN:99,(anonymous_11)
FN:114,(anonymous_12)
FNF:4
FNH:4
FNDA:12,(anonymous_9)
FNDA:10,(anonymous_10)
FNDA:8,(anonymous_11)
FNDA:7,(anonymous_12)
DA:1,2
DA:2,2
DA:3,2
DA:6,2
DA:21,2
DA:30,12
DA:31,12
DA:32,1
DA:33,1
DA:37,11
DA:38,11
DA:39,1
DA:42,10
DA:44,10
DA:46,10
DA:47,10
DA:48,2
DA:53,8
DA:54,8
DA:56,8
DA:62,7
DA:67,1
DA:69,1
DA:70,0
DA:72,1
DA:75,0
DA:78,1
DA:86,10
DA:87,10
DA:88,8
DA:90,2
DA:91,2
DA:100,8
DA:115,7
DA:116,7
DA:118,7
DA:123,7
DA:125,7
DA:126,11
DA:129,11
DA:130,2
DA:133,9
DA:135,9
DA:137,4
DA:138,0
DA:142,4
DA:151,5
DA:152,3
DA:158,7
DA:159,4
DA:162,7
LF:51
LH:48
BRDA:28,0,0,0
BRDA:31,1,0,1
BRDA:38,2,0,1
BRDA:47,3,0,2
BRDA:67,4,0,1
BRDA:67,4,1,0
BRDA:69,5,0,0
BRDA:69,5,1,1
BRDA:129,6,0,2
BRDA:135,7,0,4
BRDA:135,7,1,5
BRDA:137,8,0,0
BRDA:137,9,0,4
BRDA:137,9,1,0
BRDA:151,10,0,3
BRDA:151,11,0,5
BRDA:151,11,1,3
BRDA:158,12,0,4
BRDA:158,13,0,7
BRDA:158,13,1,4
BRF:20
BRH:15
end_of_record
TN:
SF:src\trackers\terminalTracker.ts
FN:16,(anonymous_9)
FN:30,(anonymous_10)
FN:49,(anonymous_11)
FNF:3
FNH:0
FNDA:0,(anonymous_9)
FNDA:0,(anonymous_10)
FNDA:0,(anonymous_11)
DA:1,0
DA:2,0
DA:3,0
DA:4,0
DA:5,0
DA:6,0
DA:8,0
DA:10,0
DA:21,0
DA:22,0
DA:25,0
DA:27,0
DA:28,0
DA:29,0
DA:30,0
DA:32,0
DA:34,0
DA:42,0
DA:50,0
DA:54,0
DA:58,0
DA:65,0
DA:66,0
LF:23
LH:0
BRDA:16,0,0,0
BRDA:21,1,0,0
BRDA:27,2,0,0
BRF:3
BRH:0
end_of_record
TN:
SF:src\utils\ActivityAnalyzer.ts
FN:35,(anonymous_0)
FN:41,(anonymous_1)
FN:43,(anonymous_2)
FN:47,(anonymous_3)
FN:52,(anonymous_4)
FN:54,(anonymous_5)
FN:75,(anonymous_6)
FN:77,(anonymous_7)
FN:86,(anonymous_8)
FN:89,(anonymous_9)
FNF:10
FNH:10
FNDA:7,(anonymous_0)
FNDA:5,(anonymous_1)
FNDA:5,(anonymous_2)
FNDA:11,(anonymous_3)
FNDA:10,(anonymous_4)
FNDA:80,(anonymous_5)
FNDA:21,(anonymous_6)
FNDA:505,(anonymous_7)
FNDA:7,(anonymous_8)
FNDA:11,(anonymous_9)
DA:13,2
DA:15,2
DA:26,2
DA:36,7
DA:37,7
DA:41,7
DA:42,5
DA:43,5
DA:47,7
DA:48,11
DA:52,7
DA:53,10
DA:54,80
DA:55,10
DA:57,0
DA:62,7
DA:64,7
DA:76,21
DA:77,505
DA:78,21
DA:88,7
DA:89,7
DA:90,11
DA:91,11
DA:92,11
DA:94,11
DA:98,7
DA:99,7
DA:101,7
DA:102,0
DA:105,7
DA:108,1
DA:112,6
LF:33
LH:31
BRDA:55,0,0,0
BRDA:57,1,0,0
BRDA:57,1,1,0
BRDA:77,2,0,21
BRDA:91,3,0,11
BRDA:101,4,0,0
BRDA:101,5,0,7
BRDA:101,5,1,1
BRDA:105,6,0,1
BRDA:105,7,0,7
BRDA:105,7,1,1
BRF:11
BRH:7
end_of_record
TN:
SF:src\utils\ConfigManager.ts
FN:19,(anonymous_9)
FN:56,(anonymous_10)
FNF:2
FNH:0
FNDA:0,(anonymous_9)
FNDA:0,(anonymous_10)
DA:1,2
DA:2,2
DA:3,2
DA:15,2
DA:20,0
DA:22,0
DA:32,0
DA:33,0
DA:34,0
DA:35,0
DA:37,0
DA:38,0
DA:39,0
DA:40,0
DA:43,0
DA:45,0
DA:50,0
DA:57,0
LF:18
LH:4
BRDA:23,0,0,0
BRDA:23,0,1,0
BRDA:24,1,0,0
BRDA:24,1,1,0
BRDA:25,2,0,0
BRDA:25,2,1,0
BRDA:26,3,0,0
BRDA:26,3,1,0
BRDA:27,4,0,0
BRDA:27,4,1,0
BRDA:28,5,0,0
BRDA:28,5,1,0
BRDA:33,6,0,0
BRDA:33,7,0,0
BRDA:33,7,1,0
BRDA:37,8,0,0
BRF:16
BRH:0
end_of_record
TN:
SF:src\utils\ConfigValidator.ts
FN:107,(anonymous_9)
FN:126,(anonymous_10)
FN:145,(anonymous_11)
FN:164,(anonymous_12)
FN:183,(anonymous_13)
FN:208,(anonymous_14)
FN:209,(anonymous_15)
FN:221,(anonymous_16)
FN:238,(anonymous_17)
FN:245,(anonymous_18)
FN:266,(anonymous_19)
FN:274,(anonymous_20)
FN:282,(anonymous_21)
FN:307,(anonymous_22)
FN:319,(anonymous_23)
FN:327,loadAndValidateConfig
FNF:16
FNH:14
FNDA:10,(anonymous_9)
FNDA:3,(anonymous_10)
FNDA:3,(anonymous_11)
FNDA:0,(anonymous_12)
FNDA:3,(anonymous_13)
FNDA:10,(anonymous_14)
FNDA:10,(anonymous_15)
FNDA:8,(anonymous_16)
FNDA:7,(anonymous_17)
FNDA:5,(anonymous_18)
FNDA:1,(anonymous_19)
FNDA:3,(anonymous_20)
FNDA:1,(anonymous_21)
FNDA:1,(anonymous_22)
FNDA:4,(anonymous_23)
FNDA:0,loadAndValidateConfig
DA:1,2
DA:2,2
DA:7,2
DA:49,2
DA:73,2
DA:88,2
DA:103,2
DA:108,10
DA:109,10
DA:111,6
DA:112,6
DA:113,6
DA:119,0
DA:127,3
DA:128,3
DA:130,1
DA:131,1
DA:132,1
DA:138,0
DA:146,3
DA:147,3
DA:149,2
DA:150,2
DA:151,2
DA:157,0
DA:165,0
DA:166,0
DA:168,0
DA:169,0
DA:170,0
DA:176,0
DA:184,3
DA:186,3
DA:187,3
DA:188,2
DA:190,1
DA:193,2
DA:194,1
DA:195,1
DA:201,1
DA:209,10
DA:210,10
DA:211,10
DA:212,10
DA:215,10
DA:222,8
DA:223,8
DA:225,8
DA:226,8
DA:227,11
DA:228,8
DA:232,8
DA:239,7
DA:246,5
DA:247,5
DA:249,5
DA:259,2
DA:260,2
DA:261,2
DA:267,1
DA:268,1
DA:276,3
DA:283,1
DA:285,1
DA:287,1
DA:288,1
DA:290,1
DA:291,1
DA:292,1
DA:294,0
DA:295,0
DA:299,1
DA:308,1
DA:316,1
DA:320,4
DA:327,2
DA:328,0
DA:331,0
DA:332,0
DA:333,0
DA:334,0
DA:335,0
DA:340,0
DA:343,0
DA:347,2
LF:85
LH:66
BRDA:111,0,0,6
BRDA:130,1,0,1
BRDA:149,2,0,2
BRDA:168,3,0,0
BRDA:187,4,0,2
BRDA:187,4,1,1
BRDA:193,5,0,1
BRDA:212,6,0,9
BRDA:212,6,1,1
BRDA:227,7,0,8
BRDA:288,8,0,1
BRDA:288,8,1,0
BRDA:334,9,0,0
BRF:13
BRH:10
end_of_record
TN:
SF:src\utils\Diagnostics.ts
FN:27,(anonymous_9)
FN:34,(anonymous_10)
FN:60,(anonymous_11)
FN:77,(anonymous_12)
FN:94,(anonymous_13)
FN:122,(anonymous_14)
FN:128,(anonymous_15)
FN:165,(anonymous_16)
FN:264,(anonymous_17)
FN:275,(anonymous_18)
FN:289,setDiagnosticsContext
FNF:11
FNH:0
FNDA:0,(anonymous_9)
FNDA:0,(anonymous_10)
FNDA:0,(anonymous_11)
FNDA:0,(anonymous_12)
FNDA:0,(anonymous_13)
FNDA:0,(anonymous_14)
FNDA:0,(anonymous_15)
FNDA:0,(anonymous_16)
FNDA:0,(anonymous_17)
FNDA:0,(anonymous_18)
FNDA:0,setDiagnosticsContext
DA:1,0
DA:2,0
DA:3,0
DA:4,0
DA:5,0
DA:24,0
DA:28,0
DA:35,0
DA:36,0
DA:38,0
DA:48,0
DA:49,0
DA:50,0
DA:51,0
DA:52,0
DA:54,0
DA:55,0
DA:56,0
DA:58,0
DA:61,0
DA:68,0
DA:71,0
DA:78,0
DA:80,0
DA:81,0
DA:82,0
DA:84,0
DA:88,0
DA:95,0
DA:96,0
DA:98,0
DA:99,0
DA:106,0
DA:107,0
DA:110,0
DA:113,0
DA:114,0
DA:116,0
DA:128,0
DA:130,0
DA:131,0
DA:133,0
DA:134,0
DA:141,0
DA:142,0
DA:144,0
DA:149,0
DA:151,0
DA:166,0
DA:176,0
DA:178,0
DA:264,0
DA:265,0
DA:266,0
DA:267,0
DA:277,0
DA:289,0
DA:290,0
LF:58
LH:0
BRDA:28,0,0,0
BRDA:28,0,1,0
BRDA:40,1,0,0
BRDA:40,1,1,0
BRDA:50,2,0,0
BRDA:54,3,0,0
BRDA:61,4,0,0
BRDA:61,4,1,0
BRDA:81,5,0,0
BRDA:81,5,1,0
BRDA:81,6,0,0
BRDA:81,6,1,0
BRDA:81,6,2,0
BRDA:98,7,0,0
BRDA:106,8,0,0
BRDA:131,9,0,0
BRDA:131,9,1,0
BRDA:133,10,0,0
BRDA:265,11,0,0
BRF:19
BRH:0
end_of_record
TN:
SF:src\utils\Logger.ts
FN:4,(anonymous_9)
FN:35,(anonymous_10)
FN:46,(anonymous_11)
FN:53,(anonymous_12)
FN:60,(anonymous_13)
FN:67,(anonymous_14)
FN:74,(anonymous_15)
FN:81,(anonymous_16)
FN:95,(anonymous_17)
FN:131,(anonymous_18)
FN:160,(anonymous_19)
FN:167,(anonymous_20)
FN:168,(anonymous_21)
FN:174,(anonymous_22)
FN:181,(anonymous_23)
FN:208,(anonymous_24)
FN:216,(anonymous_25)
FN:223,(anonymous_26)
FN:236,initLogger
FN:246,getLogger
FN:256,createLogger
FNF:21
FNH:0
FNDA:0,(anonymous_9)
FNDA:0,(anonymous_10)
FNDA:0,(anonymous_11)
FNDA:0,(anonymous_12)
FNDA:0,(anonymous_13)
FNDA:0,(anonymous_14)
FNDA:0,(anonymous_15)
FNDA:0,(anonymous_16)
FNDA:0,(anonymous_17)
FNDA:0,(anonymous_18)
FNDA:0,(anonymous_19)
FNDA:0,(anonymous_20)
FNDA:0,(anonymous_21)
FNDA:0,(anonymous_22)
FNDA:0,(anonymous_23)
FNDA:0,(anonymous_24)
FNDA:0,(anonymous_25)
FNDA:0,(anonymous_26)
FNDA:0,initLogger
FNDA:0,getLogger
FNDA:0,createLogger
DA:1,0
DA:2,0
DA:4,0
DA:5,0
DA:6,0
DA:7,0
DA:8,0
DA:29,0
DA:31,0
DA:32,0
DA:36,0
DA:39,0
DA:40,0
DA:47,0
DA:54,0
DA:61,0
DA:68,0
DA:75,0
DA:82,0
DA:89,0
DA:96,0
DA:97,0
DA:100,0
DA:109,0
DA:110,0
DA:111,0
DA:115,0
DA:116,0
DA:119,0
DA:120,0
DA:124,0
DA:132,0
DA:133,0
DA:135,0
DA:136,0
DA:137,0
DA:138,0
DA:139,0
DA:141,0
DA:142,0
DA:145,0
DA:146,0
DA:147,0
DA:150,0
DA:154,0
DA:161,0
DA:168,0
DA:175,0
DA:182,0
DA:184,0
DA:185,0
DA:190,0
DA:191,0
DA:193,0
DA:194,0
DA:195,0
DA:196,0
DA:197,0
DA:199,0
DA:202,0
DA:209,0
DA:210,0
DA:217,0
DA:224,0
DA:231,0
DA:236,0
DA:237,0
DA:238,0
DA:240,0
DA:246,0
DA:247,0
DA:248,0
DA:250,0
DA:256,0
DA:257,0
LF:75
LH:0
BRDA:4,0,0,0
BRDA:4,0,1,0
BRDA:37,1,0,0
BRDA:82,2,0,0
BRDA:82,2,1,0
BRDA:85,3,0,0
BRDA:85,3,1,0
BRDA:96,4,0,0
BRDA:110,5,0,0
BRDA:119,6,0,0
BRDA:120,7,0,0
BRDA:120,7,1,0
BRDA:121,8,0,0
BRDA:121,8,1,0
BRDA:122,9,0,0
BRDA:122,9,1,0
BRDA:135,10,0,0
BRDA:136,11,0,0
BRDA:136,11,1,0
BRDA:138,12,0,0
BRDA:141,13,0,0
BRDA:146,14,0,0
BRDA:185,15,0,0
BRDA:185,15,1,0
BRDA:186,16,0,0
BRDA:186,16,1,0
BRDA:187,17,0,0
BRDA:187,17,1,0
BRDA:193,18,0,0
BRDA:236,19,0,0
BRDA:237,20,0,0
BRDA:247,21,0,0
BRF:32
BRH:0
end_of_record
TN:
SF:src\utils\auth.ts
FN:8,setApiKeyCommand
FN:14,(anonymous_10)
FN:33,getApiKey
FN:40,ensureApiKey
FNF:4
FNH:0
FNDA:0,setApiKeyCommand
FNDA:0,(anonymous_10)
FNDA:0,getApiKey
FNDA:0,ensureApiKey
DA:1,0
DA:3,0
DA:8,0
DA:9,0
DA:15,0
DA:16,0
DA:18,0
DA:22,0
DA:23,0
DA:24,0
DA:25,0
DA:27,0
DA:33,0
DA:34,0
DA:40,0
DA:41,0
DA:43,0
DA:44,0
DA:47,0
DA:53,0
DA:54,0
DA:57,0
LF:22
LH:0
BRDA:15,0,0,0
BRDA:15,1,0,0
BRDA:15,1,1,0
BRDA:22,2,0,0
BRDA:43,3,0,0
BRDA:53,4,0,0
BRF:6
BRH:0
end_of_record
TN:
SF:src\utils\errors.ts
FN:6,(anonymous_0)
FN:19,(anonymous_1)
FN:32,(anonymous_2)
FN:41,(anonymous_3)
FN:50,(anonymous_4)
FN:68,(anonymous_5)
FN:76,(anonymous_6)
FN:88,(anonymous_7)
FN:96,(anonymous_8)
FN:114,(anonymous_9)
FN:122,(anonymous_10)
FN:131,(anonymous_11)
FN:139,(anonymous_12)
FN:151,(anonymous_13)
FN:159,(anonymous_14)
FN:170,isStandupError
FN:177,getErrorMessage
FN:190,toStandupError
FNF:18
FNH:18
FNDA:46,(anonymous_0)
FNDA:1,(anonymous_1)
FNDA:1,(anonymous_2)
FNDA:9,(anonymous_3)
FNDA:6,(anonymous_4)
FNDA:13,(anonymous_5)
FNDA:4,(anonymous_6)
FNDA:6,(anonymous_7)
FNDA:5,(anonymous_8)
FNDA:2,(anonymous_9)
FNDA:1,(anonymous_10)
FNDA:5,(anonymous_11)
FNDA:3,(anonymous_12)
FNDA:3,(anonymous_13)
FNDA:3,(anonymous_14)
FNDA:18,isStandupError
FNDA:4,getErrorMessage
FNDA:5,toStandupError
DA:5,3
DA:8,46
DA:9,46
DA:11,46
DA:12,46
DA:13,46
DA:20,1
DA:33,1
DA:40,3
DA:43,9
DA:44,9
DA:47,9
DA:51,6
DA:52,2
DA:54,4
DA:55,1
DA:57,3
DA:58,2
DA:60,1
DA:67,3
DA:70,13
DA:73,13
DA:77,4
DA:78,3
DA:80,1
DA:87,3
DA:90,6
DA:93,6
DA:97,5
DA:98,2
DA:100,3
DA:101,1
DA:103,2
DA:104,1
DA:106,1
DA:113,3
DA:116,2
DA:119,2
DA:123,1
DA:130,3
DA:133,5
DA:136,5
DA:140,3
DA:141,2
DA:143,1
DA:150,3
DA:153,3
DA:156,3
DA:160,3
DA:161,2
DA:163,1
DA:170,3
DA:171,18
DA:177,3
DA:178,4
DA:179,1
DA:181,3
DA:182,1
DA:184,2
DA:190,3
DA:191,5
DA:192,1
DA:194,4
DA:195,2
DA:200,2
LF:65
LH:65
BRDA:51,0,0,2
BRDA:54,1,0,1
BRDA:57,2,0,2
BRDA:57,3,0,3
BRDA:57,3,1,3
BRDA:77,4,0,3
BRDA:97,5,0,2
BRDA:100,6,0,1
BRDA:103,7,0,1
BRDA:140,8,0,2
BRDA:160,9,0,2
BRDA:178,10,0,1
BRDA:181,11,0,1
BRDA:191,12,0,1
BRDA:194,13,0,2
BRF:15
BRH:15
end_of_record
TN:
SF:src\utils\getNonce.ts
FN:1,getNonce
FNF:1
FNH:0
FNDA:0,getNonce
DA:1,0
DA:2,0
DA:3,0
DA:4,0
DA:5,0
DA:7,0
LF:6
LH:0
BRF:0
BRH:0
end_of_record
TN:
SF:src\utils\ignore.ts
FN:5,isIgnored
FN:8,(anonymous_1)
FNF:2
FNH:0
FNDA:0,isIgnored
FNDA:0,(anonymous_1)
DA:5,2
DA:6,0
DA:8,0
DA:9,0
DA:12,0
DA:13,0
DA:14,0
DA:18,0
DA:19,0
DA:20,0
DA:24,0
LF:11
LH:1
BRDA:13,0,0,0
BRDA:18,1,0,0
BRDA:24,2,0,0
BRDA:24,2,1,0
BRF:4
BRH:0
end_of_record
TN:
SF:src\webviews\DataAuditPanel.ts
FN:8,(anonymous_9)
FN:29,(anonymous_10)
FN:33,(anonymous_11)
FN:36,(anonymous_12)
FN:52,(anonymous_13)
FN:118,(anonymous_14)
FNF:6
FNH:0
FNDA:0,(anonymous_9)
FNDA:0,(anonymous_10)
FNDA:0,(anonymous_11)
FNDA:0,(anonymous_12)
FNDA:0,(anonymous_13)
FNDA:0,(anonymous_14)
DA:1,0
DA:3,0
DA:6,0
DA:9,0
DA:11,0
DA:12,0
DA:13,0
DA:16,0
DA:26,0
DA:30,0
DA:31,0
DA:33,0
DA:35,0
DA:37,0
DA:39,0
DA:40,0
DA:41,0
DA:43,0
DA:44,0
DA:53,0
DA:55,0
DA:119,0
DA:120,0
DA:121,0
DA:122,0
DA:123,0
LF:26
LH:0
BRDA:9,0,0,0
BRDA:9,0,1,0
BRDA:11,1,0,0
BRDA:19,2,0,0
BRDA:19,2,1,0
BRDA:37,3,0,0
BRDA:37,3,1,0
BRDA:123,4,0,0
BRF:8
BRH:0
end_of_record
TN:
SF:src\webviews\HistoryPanel.ts
FN:9,(anonymous_9)
FN:30,(anonymous_10)
FN:34,(anonymous_11)
FN:37,(anonymous_12)
FN:52,(anonymous_13)
FN:60,(anonymous_14)
FN:197,(anonymous_15)
FN:207,getNonce
FNF:8
FNH:0
FNDA:0,(anonymous_9)
FNDA:0,(anonymous_10)
FNDA:0,(anonymous_11)
FNDA:0,(anonymous_12)
FNDA:0,(anonymous_13)
FNDA:0,(anonymous_14)
FNDA:0,(anonymous_15)
FNDA:0,getNonce
DA:1,0
DA:2,0
DA:4,0
DA:7,0
DA:10,0
DA:12,0
DA:13,0
DA:14,0
DA:17,0
DA:27,0
DA:31,0
DA:32,0
DA:34,0
DA:36,0
DA:38,0
DA:40,0
DA:41,0
DA:42,0
DA:44,0
DA:53,0
DA:54,0
DA:55,0
DA:57,0
DA:61,0
DA:63,0
DA:198,0
DA:199,0
DA:200,0
DA:201,0
DA:202,0
DA:208,0
DA:209,0
DA:210,0
DA:211,0
DA:213,0
LF:35
LH:0
BRDA:10,0,0,0
BRDA:10,0,1,0
BRDA:12,1,0,0
BRDA:20,2,0,0
BRDA:20,2,1,0
BRDA:38,3,0,0
BRDA:40,4,0,0
BRDA:202,5,0,0
BRF:8
BRH:0
end_of_record
TN:
SF:src\webviews\standupCard.ts
FN:11,(anonymous_9)
FN:40,(anonymous_10)
FN:47,(anonymous_11)
FN:51,(anonymous_12)
FN:91,(anonymous_13)
FN:104,(anonymous_14)
FN:113,(anonymous_15)
FNF:7
FNH:0
FNDA:0,(anonymous_9)
FNDA:0,(anonymous_10)
FNDA:0,(anonymous_11)
FNDA:0,(anonymous_12)
FNDA:0,(anonymous_13)
FNDA:0,(anonymous_14)
FNDA:0,(anonymous_15)
DA:1,0
DA:2,0
DA:4,0
DA:6,0
DA:9,0
DA:12,0
DA:17,0
DA:18,0
DA:19,0
DA:20,0
DA:24,0
DA:37,0
DA:40,0
DA:41,0
DA:44,0
DA:47,0
DA:50,0
DA:52,0
DA:54,0
DA:55,0
DA:56,0
DA:57,0
DA:58,0
DA:60,0
DA:63,0
DA:65,0
DA:66,0
DA:67,0
DA:68,0
DA:70,0
DA:73,0
DA:75,0
DA:76,0
DA:77,0
DA:78,0
DA:80,0
DA:83,0
DA:92,0
DA:94,0
DA:96,0
DA:97,0
DA:98,0
DA:99,0
DA:105,0
DA:106,0
DA:109,0
DA:110,0
DA:114,0
DA:116,0
LF:49
LH:0
BRDA:12,0,0,0
BRDA:12,0,1,0
BRDA:17,1,0,0
BRDA:27,2,0,0
BRDA:27,2,1,0
BRDA:52,3,0,0
BRDA:52,3,1,0
BRDA:52,3,2,0
BRDA:54,4,0,0
BRDA:65,5,0,0
BRDA:75,6,0,0
BRDA:98,7,0,0
BRDA:105,8,0,0
BRF:13
BRH:0
end_of_record
